<?xml version="1.0" encoding="UTF-8"?>
<!-- Generated by org.testng.reporters.JUnitReportReporter -->
<testsuite hostname="LAPTOP-UOFUHLAP" failures="0" tests="6" name="Tests.HomePage" time="0.298" errors="0" timestamp="2024-08-25T03:41:29 IST" skipped="0">
  <testcase classname="Tests.HomePage" name="checkLogoExists" time="0.063"/>
  <testcase classname="Tests.HomePage" name="checkLogoExists" time="0.046"/>
  <testcase classname="Tests.HomePage" name="checkLogoExists" time="0.063"/>
  <testcase classname="Tests.HomePage" name="validateText1" time="0.044"/>
  <testcase classname="Tests.HomePage" name="validateText1" time="0.028"/>
  <testcase classname="Tests.HomePage" name="validateText1" time="0.054"/>
</testsuite> <!-- Tests.HomePage -->
