<?xml version="1.0" encoding="UTF-8"?>
<!-- Generated by org.testng.reporters.JUnitReportReporter -->
<testsuite hostname="LAPTOP-UOFUHLAP" failures="0" tests="3" name="Tests.HomePage" time="0.198" errors="0" timestamp="2024-08-25T03:30:21 IST" skipped="0">
  <testcase classname="Tests.HomePage" name="checkLogoExists" time="0.045"/>
  <testcase classname="Tests.HomePage" name="checkLogoExists" time="0.098"/>
  <testcase classname="Tests.HomePage" name="checkLogoExists" time="0.055"/>
</testsuite> <!-- Tests.HomePage -->
