<?xml version="1.0" encoding="UTF-8"?>
<!-- Generated by org.testng.reporters.JUnitReportReporter -->
<testsuite hostname="LAPTOP-UOFUHLAP" failures="0" tests="15" name="Tests.HomePage" time="0.692" errors="0" timestamp="2024-08-25T04:30:47 IST" skipped="0">
  <testcase classname="Tests.HomePage" name="checkLogoExists" time="0.038"/>
  <testcase classname="Tests.HomePage" name="checkLogoExists" time="0.093"/>
  <testcase classname="Tests.HomePage" name="checkLogoExists" time="0.049"/>
  <testcase classname="Tests.HomePage" name="validateText1" time="0.054"/>
  <testcase classname="Tests.HomePage" name="validateText1" time="0.055"/>
  <testcase classname="Tests.HomePage" name="validateText1" time="0.029"/>
  <testcase classname="Tests.HomePage" name="validateText2" time="0.120"/>
  <testcase classname="Tests.HomePage" name="validateText2" time="0.037"/>
  <testcase classname="Tests.HomePage" name="validateText2" time="0.022"/>
  <testcase classname="Tests.HomePage" name="validateText3" time="0.046"/>
  <testcase classname="Tests.HomePage" name="validateText3" time="0.021"/>
  <testcase classname="Tests.HomePage" name="validateText3" time="0.030"/>
  <testcase classname="Tests.HomePage" name="validateText4" time="0.019"/>
  <testcase classname="Tests.HomePage" name="validateText4" time="0.047"/>
  <testcase classname="Tests.HomePage" name="validateText4" time="0.032"/>
</testsuite> <!-- Tests.HomePage -->
