<?xml version="1.0" encoding="UTF-8"?>
<!-- Generated by org.testng.reporters.JUnitReportReporter -->
<testsuite hostname="LAPTOP-UOFUHLAP" failures="0" tests="12" name="Tests.HomePage" time="0.457" errors="0" timestamp="2024-08-25T04:27:37 IST" skipped="0">
  <testcase classname="Tests.HomePage" name="checkLogoExists" time="0.038"/>
  <testcase classname="Tests.HomePage" name="checkLogoExists" time="0.043"/>
  <testcase classname="Tests.HomePage" name="checkLogoExists" time="0.094"/>
  <testcase classname="Tests.HomePage" name="validateText1" time="0.038"/>
  <testcase classname="Tests.HomePage" name="validateText1" time="0.038"/>
  <testcase classname="Tests.HomePage" name="validateText1" time="0.038"/>
  <testcase classname="Tests.HomePage" name="validateText2" time="0.029"/>
  <testcase classname="Tests.HomePage" name="validateText2" time="0.027"/>
  <testcase classname="Tests.HomePage" name="validateText2" time="0.030"/>
  <testcase classname="Tests.HomePage" name="validateText3" time="0.029"/>
  <testcase classname="Tests.HomePage" name="validateText3" time="0.034"/>
  <testcase classname="Tests.HomePage" name="validateText3" time="0.019"/>
</testsuite> <!-- Tests.HomePage -->
